[debug] [2026-02-28T17:17:34.454Z] [Firebase Plugin] Activating Firebase extension.
[info] [Firebase Plugin] Checked firebase-tools, is up to date!
[debug] [2026-02-28T17:17:48.634Z] [Firebase Plugin] requireAuthWrapper
[debug] [2026-02-28T17:17:48.636Z] > command requires scopes: ["email","openid","https://www.googleapis.com/auth/cloudplatformprojects.readonly","https://www.googleapis.com/auth/firebase","https://www.googleapis.com/auth/cloud-platform"]
[debug] [2026-02-28T17:17:48.654Z] [Firebase Plugin] VSCode notification server listening on port 40001
[error] [Firebase Plugin] requireAuth error: Could not load the default credentials. Browse to https://cloud.google.com/docs/authentication/getting-started for more information.
[info] [Firebase Plugin] Starting Data Connect toolkit (version 3.1.4) on port 50001
[info] i  dataconnect: downloading dataconnect-emulator-3.1.4.exe... {"metadata":{"emulator":{"name":"dataconnect"},"message":"downloading dataconnect-emulator-3.1.4.exe..."}}
[debug] [2026-02-28T17:17:48.909Z] >>> [apiv2][query] GET https://storage.googleapis.com/firemat-preview-drop/emulator/dataconnect-emulator-windows-amd64-v3.1.4 
[debug] [2026-02-28T17:17:49.638Z] <<< [apiv2][status] GET https://storage.googleapis.com/firemat-preview-drop/emulator/dataconnect-emulator-windows-amd64-v3.1.4 200
[debug] [2026-02-28T17:17:49.638Z] <<< [apiv2][body] GET https://storage.googleapis.com/firemat-preview-drop/emulator/dataconnect-emulator-windows-amd64-v3.1.4 [stream]
[debug] [2026-02-28T17:17:58.373Z] 'fdc build' failed with error: Unable to build your Data Connect schema and connectors (exit code 1): E0228 22:47:58.369780    4180 cmd.go:43] Error loading data connect config: could not find dataconnect.yaml in `c:\Code\College-ERP\dataconnect`
 {"metadata":{"emulator":{"name":"dataconnect"},"message":"'fdc build' failed with error: Unable to build your Data Connect schema and connectors (exit code 1): E0228 22:47:58.369780    4180 cmd.go:43] Error loading data connect config: could not find dataconnect.yaml in `c:\\Code\\College-ERP\\dataconnect`\n"}}
[debug] [2026-02-28T17:17:58.374Z] Ignoring unsupported arg: auto_download {"metadata":{"emulator":{"name":"dataconnect"},"message":"Ignoring unsupported arg: auto_download"}}
[debug] [2026-02-28T17:17:58.374Z] Ignoring unsupported arg: port {"metadata":{"emulator":{"name":"dataconnect"},"message":"Ignoring unsupported arg: port"}}
[debug] [2026-02-28T17:17:58.374Z] Starting Data Connect Emulator with command {"binary":"C:\\Users\\Levono\\.cache\\firebase\\emulators\\dataconnect-emulator-3.1.4.exe","args":["--logtostderr","-v=2","dev","--listen=localhost:50001","--config_dir=c:\\Code\\College-ERP\\dataconnect","--enable_output_schema_extensions=true","--enable_output_generated_sdk=true"],"optionalArgs":["listen","config_dir","enable_output_schema_extensions","enable_output_generated_sdk"],"joinArgs":true,"shell":false,"port":9399} {"metadata":{"emulator":{"name":"dataconnect"},"message":"Starting Data Connect Emulator with command {\"binary\":\"C:\\\\Users\\\\Levono\\\\.cache\\\\firebase\\\\emulators\\\\dataconnect-emulator-3.1.4.exe\",\"args\":[\"--logtostderr\",\"-v=2\",\"dev\",\"--listen=localhost:50001\",\"--config_dir=c:\\\\Code\\\\College-ERP\\\\dataconnect\",\"--enable_output_schema_extensions=true\",\"--enable_output_generated_sdk=true\"],\"optionalArgs\":[\"listen\",\"config_dir\",\"enable_output_schema_extensions\",\"enable_output_generated_sdk\"],\"joinArgs\":true,\"shell\":false,\"port\":9399}"}}
[info] i  dataconnect: Data Connect Emulator logging to dataconnect-debug.log {"metadata":{"emulator":{"name":"dataconnect"},"message":"Data Connect Emulator logging to \u001b[1mdataconnect-debug.log\u001b[22m"}}
[debug] [2026-02-28T17:17:58.399Z] E0228 22:47:58.398448    6968 dev.go:83] Failed to load initial config from "c:\\Code\\College-ERP\\dataconnect": could not find dataconnect.yaml in `c:\Code\College-ERP\dataconnect`
 {"metadata":{"emulator":{"name":"dataconnect"},"message":"E0228 22:47:58.398448    6968 dev.go:83] Failed to load initial config from \"c:\\\\Code\\\\College-ERP\\\\dataconnect\": could not find dataconnect.yaml in `c:\\Code\\College-ERP\\dataconnect`\n"}}
[debug] [2026-02-28T17:17:58.399Z] E0228 22:47:58.398963    6968 watch.go:116] watchAllDir unable to walk dir `c:\Code\College-ERP\dataconnect`: CreateFile c:\Code\College-ERP\dataconnect: The system cannot find the file specified.
 {"metadata":{"emulator":{"name":"dataconnect"},"message":"E0228 22:47:58.398963    6968 watch.go:116] watchAllDir unable to walk dir `c:\\Code\\College-ERP\\dataconnect`: CreateFile c:\\Code\\College-ERP\\dataconnect: The system cannot find the file specified.\n"}}
[debug] [2026-02-28T17:17:58.409Z] I0228 22:47:58.409509    6968 dev.go:104] Listening on address (HTTP + gRPC): 127.0.0.1:50001
 {"metadata":{"emulator":{"name":"dataconnect"},"message":"I0228 22:47:58.409509    6968 dev.go:104] Listening on address (HTTP + gRPC): 127.0.0.1:50001\n"}}
[error] [Firebase Plugin] error:  {}
[debug] [2026-02-28T17:18:08.400Z] E0228 22:48:08.400028    6968 watch.go:40] Failed to load config from "c:\\Code\\College-ERP\\dataconnect": could not find dataconnect.yaml in `c:\Code\College-ERP\dataconnect`
 {"metadata":{"emulator":{"name":"dataconnect"},"message":"E0228 22:48:08.400028    6968 watch.go:40] Failed to load config from \"c:\\\\Code\\\\College-ERP\\\\dataconnect\": could not find dataconnect.yaml in `c:\\Code\\College-ERP\\dataconnect`\n"}}
[debug] [2026-02-28T17:18:18.400Z] E0228 22:48:18.399982    6968 watch.go:40] Failed to load config from "c:\\Code\\College-ERP\\dataconnect": could not find dataconnect.yaml in `c:\Code\College-ERP\dataconnect`
 {"metadata":{"emulator":{"name":"dataconnect"},"message":"E0228 22:48:18.399982    6968 watch.go:40] Failed to load config from \"c:\\\\Code\\\\College-ERP\\\\dataconnect\": could not find dataconnect.yaml in `c:\\Code\\College-ERP\\dataconnect`\n"}}
[debug] [2026-02-28T17:18:28.400Z] E0228 22:48:28.399704    6968 watch.go:40] Failed to load config from "c:\\Code\\College-ERP\\dataconnect": could not find dataconnect.yaml in `c:\Code\College-ERP\dataconnect`
 {"metadata":{"emulator":{"name":"dataconnect"},"message":"E0228 22:48:28.399704    6968 watch.go:40] Failed to load config from \"c:\\\\Code\\\\College-ERP\\\\dataconnect\": could not find dataconnect.yaml in `c:\\Code\\College-ERP\\dataconnect`\n"}}
[debug] [2026-02-28T17:18:38.400Z] E0228 22:48:38.399820    6968 watch.go:40] Failed to load config from "c:\\Code\\College-ERP\\dataconnect": could not find dataconnect.yaml in `c:\Code\College-ERP\dataconnect`
 {"metadata":{"emulator":{"name":"dataconnect"},"message":"E0228 22:48:38.399820    6968 watch.go:40] Failed to load config from \"c:\\\\Code\\\\College-ERP\\\\dataconnect\": could not find dataconnect.yaml in `c:\\Code\\College-ERP\\dataconnect`\n"}}
[debug] [2026-02-28T17:18:48.399Z] E0228 22:48:48.399576    6968 watch.go:40] Failed to load config from "c:\\Code\\College-ERP\\dataconnect": could not find dataconnect.yaml in `c:\Code\College-ERP\dataconnect`
 {"metadata":{"emulator":{"name":"dataconnect"},"message":"E0228 22:48:48.399576    6968 watch.go:40] Failed to load config from \"c:\\\\Code\\\\College-ERP\\\\dataconnect\": could not find dataconnect.yaml in `c:\\Code\\College-ERP\\dataconnect`\n"}}
[debug] [2026-02-28T17:18:58.399Z] E0228 22:48:58.399737    6968 watch.go:116] watchAllDir unable to walk dir `c:\Code\College-ERP\dataconnect`: CreateFile c:\Code\College-ERP\dataconnect: The system cannot find the file specified.
 {"metadata":{"emulator":{"name":"dataconnect"},"message":"E0228 22:48:58.399737    6968 watch.go:116] watchAllDir unable to walk dir `c:\\Code\\College-ERP\\dataconnect`: CreateFile c:\\Code\\College-ERP\\dataconnect: The system cannot find the file specified.\n"}}
[debug] [2026-02-28T17:18:58.400Z] E0228 22:48:58.399737    6968 watch.go:40] Failed to load config from "c:\\Code\\College-ERP\\dataconnect": could not find dataconnect.yaml in `c:\Code\College-ERP\dataconnect`
 {"metadata":{"emulator":{"name":"dataconnect"},"message":"E0228 22:48:58.399737    6968 watch.go:40] Failed to load config from \"c:\\\\Code\\\\College-ERP\\\\dataconnect\": could not find dataconnect.yaml in `c:\\Code\\College-ERP\\dataconnect`\n"}}
[debug] [2026-02-28T17:19:08.399Z] E0228 22:49:08.399860    6968 watch.go:40] Failed to load config from "c:\\Code\\College-ERP\\dataconnect": could not find dataconnect.yaml in `c:\Code\College-ERP\dataconnect`
 {"metadata":{"emulator":{"name":"dataconnect"},"message":"E0228 22:49:08.399860    6968 watch.go:40] Failed to load config from \"c:\\\\Code\\\\College-ERP\\\\dataconnect\": could not find dataconnect.yaml in `c:\\Code\\College-ERP\\dataconnect`\n"}}
[debug] [2026-02-28T17:19:18.399Z] E0228 22:49:18.399944    6968 watch.go:40] Failed to load config from "c:\\Code\\College-ERP\\dataconnect": could not find dataconnect.yaml in `c:\Code\College-ERP\dataconnect`
 {"metadata":{"emulator":{"name":"dataconnect"},"message":"E0228 22:49:18.399944    6968 watch.go:40] Failed to load config from \"c:\\\\Code\\\\College-ERP\\\\dataconnect\": could not find dataconnect.yaml in `c:\\Code\\College-ERP\\dataconnect`\n"}}
[debug] [2026-02-28T17:19:28.399Z] E0228 22:49:28.399635    6968 watch.go:40] Failed to load config from "c:\\Code\\College-ERP\\dataconnect": could not find dataconnect.yaml in `c:\Code\College-ERP\dataconnect`
 {"metadata":{"emulator":{"name":"dataconnect"},"message":"E0228 22:49:28.399635    6968 watch.go:40] Failed to load config from \"c:\\\\Code\\\\College-ERP\\\\dataconnect\": could not find dataconnect.yaml in `c:\\Code\\College-ERP\\dataconnect`\n"}}
[debug] [2026-02-28T17:19:38.399Z] E0228 22:49:38.399810    6968 watch.go:40] Failed to load config from "c:\\Code\\College-ERP\\dataconnect": could not find dataconnect.yaml in `c:\Code\College-ERP\dataconnect`
 {"metadata":{"emulator":{"name":"dataconnect"},"message":"E0228 22:49:38.399810    6968 watch.go:40] Failed to load config from \"c:\\\\Code\\\\College-ERP\\\\dataconnect\": could not find dataconnect.yaml in `c:\\Code\\College-ERP\\dataconnect`\n"}}
[debug] [2026-02-28T17:19:48.399Z] E0228 22:49:48.399793    6968 watch.go:40] Failed to load config from "c:\\Code\\College-ERP\\dataconnect": could not find dataconnect.yaml in `c:\Code\College-ERP\dataconnect`
 {"metadata":{"emulator":{"name":"dataconnect"},"message":"E0228 22:49:48.399793    6968 watch.go:40] Failed to load config from \"c:\\\\Code\\\\College-ERP\\\\dataconnect\": could not find dataconnect.yaml in `c:\\Code\\College-ERP\\dataconnect`\n"}}
[debug] [2026-02-28T17:19:58.399Z] E0228 22:49:58.399792    6968 watch.go:116] watchAllDir unable to walk dir `c:\Code\College-ERP\dataconnect`: CreateFile c:\Code\College-ERP\dataconnect: The system cannot find the file specified.
E0228 22:49:58.399792    6968 watch.go:40] Failed to load config from "c:\\Code\\College-ERP\\dataconnect": could not find dataconnect.yaml in `c:\Code\College-ERP\dataconnect`
 {"metadata":{"emulator":{"name":"dataconnect"},"message":"E0228 22:49:58.399792    6968 watch.go:116] watchAllDir unable to walk dir `c:\\Code\\College-ERP\\dataconnect`: CreateFile c:\\Code\\College-ERP\\dataconnect: The system cannot find the file specified.\nE0228 22:49:58.399792    6968 watch.go:40] Failed to load config from \"c:\\\\Code\\\\College-ERP\\\\dataconnect\": could not find dataconnect.yaml in `c:\\Code\\College-ERP\\dataconnect`\n"}}
[debug] [2026-02-28T17:20:08.400Z] E0228 22:50:08.400220    6968 watch.go:40] Failed to load config from "c:\\Code\\College-ERP\\dataconnect": could not find dataconnect.yaml in `c:\Code\College-ERP\dataconnect`
 {"metadata":{"emulator":{"name":"dataconnect"},"message":"E0228 22:50:08.400220    6968 watch.go:40] Failed to load config from \"c:\\\\Code\\\\College-ERP\\\\dataconnect\": could not find dataconnect.yaml in `c:\\Code\\College-ERP\\dataconnect`\n"}}
[debug] [2026-02-28T17:20:18.399Z] E0228 22:50:18.399839    6968 watch.go:40] Failed to load config from "c:\\Code\\College-ERP\\dataconnect": could not find dataconnect.yaml in `c:\Code\College-ERP\dataconnect`
 {"metadata":{"emulator":{"name":"dataconnect"},"message":"E0228 22:50:18.399839    6968 watch.go:40] Failed to load config from \"c:\\\\Code\\\\College-ERP\\\\dataconnect\": could not find dataconnect.yaml in `c:\\Code\\College-ERP\\dataconnect`\n"}}
[debug] [2026-02-28T17:20:28.400Z] E0228 22:50:28.400214    6968 watch.go:40] Failed to load config from "c:\\Code\\College-ERP\\dataconnect": could not find dataconnect.yaml in `c:\Code\College-ERP\dataconnect`
 {"metadata":{"emulator":{"name":"dataconnect"},"message":"E0228 22:50:28.400214    6968 watch.go:40] Failed to load config from \"c:\\\\Code\\\\College-ERP\\\\dataconnect\": could not find dataconnect.yaml in `c:\\Code\\College-ERP\\dataconnect`\n"}}
[debug] [2026-02-28T17:20:38.399Z] E0228 22:50:38.399807    6968 watch.go:40] Failed to load config from "c:\\Code\\College-ERP\\dataconnect": could not find dataconnect.yaml in `c:\Code\College-ERP\dataconnect`
 {"metadata":{"emulator":{"name":"dataconnect"},"message":"E0228 22:50:38.399807    6968 watch.go:40] Failed to load config from \"c:\\\\Code\\\\College-ERP\\\\dataconnect\": could not find dataconnect.yaml in `c:\\Code\\College-ERP\\dataconnect`\n"}}
[debug] [2026-02-28T17:20:48.399Z] E0228 22:50:48.399647    6968 watch.go:40] Failed to load config from "c:\\Code\\College-ERP\\dataconnect": could not find dataconnect.yaml in `c:\Code\College-ERP\dataconnect`
 {"metadata":{"emulator":{"name":"dataconnect"},"message":"E0228 22:50:48.399647    6968 watch.go:40] Failed to load config from \"c:\\\\Code\\\\College-ERP\\\\dataconnect\": could not find dataconnect.yaml in `c:\\Code\\College-ERP\\dataconnect`\n"}}
[debug] [2026-02-28T17:20:58.399Z] E0228 22:50:58.399795    6968 watch.go:116] watchAllDir unable to walk dir `c:\Code\College-ERP\dataconnect`: CreateFile c:\Code\College-ERP\dataconnect: The system cannot find the file specified.
E0228 22:50:58.399795    6968 watch.go:40] Failed to load config from "c:\\Code\\College-ERP\\dataconnect": could not find dataconnect.yaml in `c:\Code\College-ERP\dataconnect`
 {"metadata":{"emulator":{"name":"dataconnect"},"message":"E0228 22:50:58.399795    6968 watch.go:116] watchAllDir unable to walk dir `c:\\Code\\College-ERP\\dataconnect`: CreateFile c:\\Code\\College-ERP\\dataconnect: The system cannot find the file specified.\nE0228 22:50:58.399795    6968 watch.go:40] Failed to load config from \"c:\\\\Code\\\\College-ERP\\\\dataconnect\": could not find dataconnect.yaml in `c:\\Code\\College-ERP\\dataconnect`\n"}}
[debug] [2026-02-28T17:21:08.399Z] E0228 22:51:08.399574    6968 watch.go:40] Failed to load config from "c:\\Code\\College-ERP\\dataconnect": could not find dataconnect.yaml in `c:\Code\College-ERP\dataconnect`
 {"metadata":{"emulator":{"name":"dataconnect"},"message":"E0228 22:51:08.399574    6968 watch.go:40] Failed to load config from \"c:\\\\Code\\\\College-ERP\\\\dataconnect\": could not find dataconnect.yaml in `c:\\Code\\College-ERP\\dataconnect`\n"}}
[debug] [2026-02-28T17:21:18.399Z] E0228 22:51:18.399985    6968 watch.go:40] Failed to load config from "c:\\Code\\College-ERP\\dataconnect": could not find dataconnect.yaml in `c:\Code\College-ERP\dataconnect`
 {"metadata":{"emulator":{"name":"dataconnect"},"message":"E0228 22:51:18.399985    6968 watch.go:40] Failed to load config from \"c:\\\\Code\\\\College-ERP\\\\dataconnect\": could not find dataconnect.yaml in `c:\\Code\\College-ERP\\dataconnect`\n"}}
[debug] [2026-02-28T17:21:28.399Z] E0228 22:51:28.399949    6968 watch.go:40] Failed to load config from "c:\\Code\\College-ERP\\dataconnect": could not find dataconnect.yaml in `c:\Code\College-ERP\dataconnect`
 {"metadata":{"emulator":{"name":"dataconnect"},"message":"E0228 22:51:28.399949    6968 watch.go:40] Failed to load config from \"c:\\\\Code\\\\College-ERP\\\\dataconnect\": could not find dataconnect.yaml in `c:\\Code\\College-ERP\\dataconnect`\n"}}
[debug] [2026-02-28T17:21:38.399Z] E0228 22:51:38.399550    6968 watch.go:40] Failed to load config from "c:\\Code\\College-ERP\\dataconnect": could not find dataconnect.yaml in `c:\Code\College-ERP\dataconnect`
 {"metadata":{"emulator":{"name":"dataconnect"},"message":"E0228 22:51:38.399550    6968 watch.go:40] Failed to load config from \"c:\\\\Code\\\\College-ERP\\\\dataconnect\": could not find dataconnect.yaml in `c:\\Code\\College-ERP\\dataconnect`\n"}}
[debug] [2026-02-28T17:21:48.399Z] E0228 22:51:48.399631    6968 watch.go:40] Failed to load config from "c:\\Code\\College-ERP\\dataconnect": could not find dataconnect.yaml in `c:\Code\College-ERP\dataconnect`
 {"metadata":{"emulator":{"name":"dataconnect"},"message":"E0228 22:51:48.399631    6968 watch.go:40] Failed to load config from \"c:\\\\Code\\\\College-ERP\\\\dataconnect\": could not find dataconnect.yaml in `c:\\Code\\College-ERP\\dataconnect`\n"}}
[debug] [2026-02-28T17:21:58.399Z] E0228 22:51:58.399982    6968 watch.go:116] watchAllDir unable to walk dir `c:\Code\College-ERP\dataconnect`: CreateFile c:\Code\College-ERP\dataconnect: The system cannot find the file specified.
E0228 22:51:58.399982    6968 watch.go:40] Failed to load config from "c:\\Code\\College-ERP\\dataconnect": could not find dataconnect.yaml in `c:\Code\College-ERP\dataconnect`
 {"metadata":{"emulator":{"name":"dataconnect"},"message":"E0228 22:51:58.399982    6968 watch.go:116] watchAllDir unable to walk dir `c:\\Code\\College-ERP\\dataconnect`: CreateFile c:\\Code\\College-ERP\\dataconnect: The system cannot find the file specified.\nE0228 22:51:58.399982    6968 watch.go:40] Failed to load config from \"c:\\\\Code\\\\College-ERP\\\\dataconnect\": could not find dataconnect.yaml in `c:\\Code\\College-ERP\\dataconnect`\n"}}
[debug] [2026-02-28T17:22:08.399Z] E0228 22:52:08.399577    6968 watch.go:40] Failed to load config from "c:\\Code\\College-ERP\\dataconnect": could not find dataconnect.yaml in `c:\Code\College-ERP\dataconnect`
 {"metadata":{"emulator":{"name":"dataconnect"},"message":"E0228 22:52:08.399577    6968 watch.go:40] Failed to load config from \"c:\\\\Code\\\\College-ERP\\\\dataconnect\": could not find dataconnect.yaml in `c:\\Code\\College-ERP\\dataconnect`\n"}}
[debug] [2026-02-28T17:22:18.399Z] E0228 22:52:18.399542    6968 watch.go:40] Failed to load config from "c:\\Code\\College-ERP\\dataconnect": could not find dataconnect.yaml in `c:\Code\College-ERP\dataconnect`
 {"metadata":{"emulator":{"name":"dataconnect"},"message":"E0228 22:52:18.399542    6968 watch.go:40] Failed to load config from \"c:\\\\Code\\\\College-ERP\\\\dataconnect\": could not find dataconnect.yaml in `c:\\Code\\College-ERP\\dataconnect`\n"}}
[debug] [2026-02-28T17:22:28.400Z] E0228 22:52:28.399771    6968 watch.go:40] Failed to load config from "c:\\Code\\College-ERP\\dataconnect": could not find dataconnect.yaml in `c:\Code\College-ERP\dataconnect`
 {"metadata":{"emulator":{"name":"dataconnect"},"message":"E0228 22:52:28.399771    6968 watch.go:40] Failed to load config from \"c:\\\\Code\\\\College-ERP\\\\dataconnect\": could not find dataconnect.yaml in `c:\\Code\\College-ERP\\dataconnect`\n"}}
[debug] [2026-02-28T17:22:38.399Z] E0228 22:52:38.399633    6968 watch.go:40] Failed to load config from "c:\\Code\\College-ERP\\dataconnect": could not find dataconnect.yaml in `c:\Code\College-ERP\dataconnect`
 {"metadata":{"emulator":{"name":"dataconnect"},"message":"E0228 22:52:38.399633    6968 watch.go:40] Failed to load config from \"c:\\\\Code\\\\College-ERP\\\\dataconnect\": could not find dataconnect.yaml in `c:\\Code\\College-ERP\\dataconnect`\n"}}
[debug] [2026-02-28T17:22:48.399Z] E0228 22:52:48.399810    6968 watch.go:40] Failed to load config from "c:\\Code\\College-ERP\\dataconnect": could not find dataconnect.yaml in `c:\Code\College-ERP\dataconnect`
 {"metadata":{"emulator":{"name":"dataconnect"},"message":"E0228 22:52:48.399810    6968 watch.go:40] Failed to load config from \"c:\\\\Code\\\\College-ERP\\\\dataconnect\": could not find dataconnect.yaml in `c:\\Code\\College-ERP\\dataconnect`\n"}}
[debug] [2026-02-28T17:22:58.399Z] E0228 22:52:58.399755    6968 watch.go:116] watchAllDir unable to walk dir `c:\Code\College-ERP\dataconnect`: CreateFile c:\Code\College-ERP\dataconnect: The system cannot find the file specified.
 {"metadata":{"emulator":{"name":"dataconnect"},"message":"E0228 22:52:58.399755    6968 watch.go:116] watchAllDir unable to walk dir `c:\\Code\\College-ERP\\dataconnect`: CreateFile c:\\Code\\College-ERP\\dataconnect: The system cannot find the file specified.\n"}}
[debug] [2026-02-28T17:22:58.399Z] E0228 22:52:58.399755    6968 watch.go:40] Failed to load config from "c:\\Code\\College-ERP\\dataconnect": could not find dataconnect.yaml in `c:\Code\College-ERP\dataconnect`
 {"metadata":{"emulator":{"name":"dataconnect"},"message":"E0228 22:52:58.399755    6968 watch.go:40] Failed to load config from \"c:\\\\Code\\\\College-ERP\\\\dataconnect\": could not find dataconnect.yaml in `c:\\Code\\College-ERP\\dataconnect`\n"}}
[debug] [2026-02-28T17:23:08.399Z] E0228 22:53:08.399767    6968 watch.go:40] Failed to load config from "c:\\Code\\College-ERP\\dataconnect": could not find dataconnect.yaml in `c:\Code\College-ERP\dataconnect`
 {"metadata":{"emulator":{"name":"dataconnect"},"message":"E0228 22:53:08.399767    6968 watch.go:40] Failed to load config from \"c:\\\\Code\\\\College-ERP\\\\dataconnect\": could not find dataconnect.yaml in `c:\\Code\\College-ERP\\dataconnect`\n"}}
[debug] [2026-02-28T17:23:18.400Z] E0228 22:53:18.399878    6968 watch.go:40] Failed to load config from "c:\\Code\\College-ERP\\dataconnect": could not find dataconnect.yaml in `c:\Code\College-ERP\dataconnect`
 {"metadata":{"emulator":{"name":"dataconnect"},"message":"E0228 22:53:18.399878    6968 watch.go:40] Failed to load config from \"c:\\\\Code\\\\College-ERP\\\\dataconnect\": could not find dataconnect.yaml in `c:\\Code\\College-ERP\\dataconnect`\n"}}
[debug] [2026-02-28T17:23:28.400Z] E0228 22:53:28.399790    6968 watch.go:40] Failed to load config from "c:\\Code\\College-ERP\\dataconnect": could not find dataconnect.yaml in `c:\Code\College-ERP\dataconnect`
 {"metadata":{"emulator":{"name":"dataconnect"},"message":"E0228 22:53:28.399790    6968 watch.go:40] Failed to load config from \"c:\\\\Code\\\\College-ERP\\\\dataconnect\": could not find dataconnect.yaml in `c:\\Code\\College-ERP\\dataconnect`\n"}}
[debug] [2026-02-28T17:23:38.399Z] E0228 22:53:38.399758    6968 watch.go:40] Failed to load config from "c:\\Code\\College-ERP\\dataconnect": could not find dataconnect.yaml in `c:\Code\College-ERP\dataconnect`
 {"metadata":{"emulator":{"name":"dataconnect"},"message":"E0228 22:53:38.399758    6968 watch.go:40] Failed to load config from \"c:\\\\Code\\\\College-ERP\\\\dataconnect\": could not find dataconnect.yaml in `c:\\Code\\College-ERP\\dataconnect`\n"}}
[debug] [2026-02-28T17:23:48.399Z] E0228 22:53:48.399780    6968 watch.go:40] Failed to load config from "c:\\Code\\College-ERP\\dataconnect": could not find dataconnect.yaml in `c:\Code\College-ERP\dataconnect`
 {"metadata":{"emulator":{"name":"dataconnect"},"message":"E0228 22:53:48.399780    6968 watch.go:40] Failed to load config from \"c:\\\\Code\\\\College-ERP\\\\dataconnect\": could not find dataconnect.yaml in `c:\\Code\\College-ERP\\dataconnect`\n"}}
[debug] [2026-02-28T17:23:58.399Z] E0228 22:53:58.399851    6968 watch.go:116] watchAllDir unable to walk dir `c:\Code\College-ERP\dataconnect`: CreateFile c:\Code\College-ERP\dataconnect: The system cannot find the file specified.
E0228 22:53:58.399851    6968 watch.go:40] Failed to load config from "c:\\Code\\College-ERP\\dataconnect": could not find dataconnect.yaml in `c:\Code\College-ERP\dataconnect`
 {"metadata":{"emulator":{"name":"dataconnect"},"message":"E0228 22:53:58.399851    6968 watch.go:116] watchAllDir unable to walk dir `c:\\Code\\College-ERP\\dataconnect`: CreateFile c:\\Code\\College-ERP\\dataconnect: The system cannot find the file specified.\nE0228 22:53:58.399851    6968 watch.go:40] Failed to load config from \"c:\\\\Code\\\\College-ERP\\\\dataconnect\": could not find dataconnect.yaml in `c:\\Code\\College-ERP\\dataconnect`\n"}}
[debug] [2026-02-28T17:24:08.399Z] E0228 22:54:08.399695    6968 watch.go:40] Failed to load config from "c:\\Code\\College-ERP\\dataconnect": could not find dataconnect.yaml in `c:\Code\College-ERP\dataconnect`
 {"metadata":{"emulator":{"name":"dataconnect"},"message":"E0228 22:54:08.399695    6968 watch.go:40] Failed to load config from \"c:\\\\Code\\\\College-ERP\\\\dataconnect\": could not find dataconnect.yaml in `c:\\Code\\College-ERP\\dataconnect`\n"}}
[debug] [2026-02-28T17:24:18.399Z] E0228 22:54:18.399769    6968 watch.go:40] Failed to load config from "c:\\Code\\College-ERP\\dataconnect": could not find dataconnect.yaml in `c:\Code\College-ERP\dataconnect`
 {"metadata":{"emulator":{"name":"dataconnect"},"message":"E0228 22:54:18.399769    6968 watch.go:40] Failed to load config from \"c:\\\\Code\\\\College-ERP\\\\dataconnect\": could not find dataconnect.yaml in `c:\\Code\\College-ERP\\dataconnect`\n"}}
[debug] [2026-02-28T17:24:28.400Z] E0228 22:54:28.399993    6968 watch.go:40] Failed to load config from "c:\\Code\\College-ERP\\dataconnect": could not find dataconnect.yaml in `c:\Code\College-ERP\dataconnect`
 {"metadata":{"emulator":{"name":"dataconnect"},"message":"E0228 22:54:28.399993    6968 watch.go:40] Failed to load config from \"c:\\\\Code\\\\College-ERP\\\\dataconnect\": could not find dataconnect.yaml in `c:\\Code\\College-ERP\\dataconnect`\n"}}
[debug] [2026-02-28T17:24:38.400Z] E0228 22:54:38.400280    6968 watch.go:40] Failed to load config from "c:\\Code\\College-ERP\\dataconnect": could not find dataconnect.yaml in `c:\Code\College-ERP\dataconnect`
 {"metadata":{"emulator":{"name":"dataconnect"},"message":"E0228 22:54:38.400280    6968 watch.go:40] Failed to load config from \"c:\\\\Code\\\\College-ERP\\\\dataconnect\": could not find dataconnect.yaml in `c:\\Code\\College-ERP\\dataconnect`\n"}}
[debug] [2026-02-28T17:24:48.399Z] E0228 22:54:48.399707    6968 watch.go:40] Failed to load config from "c:\\Code\\College-ERP\\dataconnect": could not find dataconnect.yaml in `c:\Code\College-ERP\dataconnect`
 {"metadata":{"emulator":{"name":"dataconnect"},"message":"E0228 22:54:48.399707    6968 watch.go:40] Failed to load config from \"c:\\\\Code\\\\College-ERP\\\\dataconnect\": could not find dataconnect.yaml in `c:\\Code\\College-ERP\\dataconnect`\n"}}
[debug] [2026-02-28T17:24:58.399Z] E0228 22:54:58.399869    6968 watch.go:116] watchAllDir unable to walk dir `c:\Code\College-ERP\dataconnect`: CreateFile c:\Code\College-ERP\dataconnect: The system cannot find the file specified.
E0228 22:54:58.399869    6968 watch.go:40] Failed to load config from "c:\\Code\\College-ERP\\dataconnect": could not find dataconnect.yaml in `c:\Code\College-ERP\dataconnect`
 {"metadata":{"emulator":{"name":"dataconnect"},"message":"E0228 22:54:58.399869    6968 watch.go:116] watchAllDir unable to walk dir `c:\\Code\\College-ERP\\dataconnect`: CreateFile c:\\Code\\College-ERP\\dataconnect: The system cannot find the file specified.\nE0228 22:54:58.399869    6968 watch.go:40] Failed to load config from \"c:\\\\Code\\\\College-ERP\\\\dataconnect\": could not find dataconnect.yaml in `c:\\Code\\College-ERP\\dataconnect`\n"}}
[debug] [2026-02-28T17:25:08.400Z] E0228 22:55:08.400096    6968 watch.go:40] Failed to load config from "c:\\Code\\College-ERP\\dataconnect": could not find dataconnect.yaml in `c:\Code\College-ERP\dataconnect`
 {"metadata":{"emulator":{"name":"dataconnect"},"message":"E0228 22:55:08.400096    6968 watch.go:40] Failed to load config from \"c:\\\\Code\\\\College-ERP\\\\dataconnect\": could not find dataconnect.yaml in `c:\\Code\\College-ERP\\dataconnect`\n"}}
[debug] [2026-02-28T17:25:18.399Z] E0228 22:55:18.399583    6968 watch.go:40] Failed to load config from "c:\\Code\\College-ERP\\dataconnect": could not find dataconnect.yaml in `c:\Code\College-ERP\dataconnect`
 {"metadata":{"emulator":{"name":"dataconnect"},"message":"E0228 22:55:18.399583    6968 watch.go:40] Failed to load config from \"c:\\\\Code\\\\College-ERP\\\\dataconnect\": could not find dataconnect.yaml in `c:\\Code\\College-ERP\\dataconnect`\n"}}
[debug] [2026-02-28T17:25:28.400Z] E0228 22:55:28.400035    6968 watch.go:40] Failed to load config from "c:\\Code\\College-ERP\\dataconnect": could not find dataconnect.yaml in `c:\Code\College-ERP\dataconnect`
 {"metadata":{"emulator":{"name":"dataconnect"},"message":"E0228 22:55:28.400035    6968 watch.go:40] Failed to load config from \"c:\\\\Code\\\\College-ERP\\\\dataconnect\": could not find dataconnect.yaml in `c:\\Code\\College-ERP\\dataconnect`\n"}}
[debug] [2026-02-28T17:25:38.400Z] E0228 22:55:38.399977    6968 watch.go:40] Failed to load config from "c:\\Code\\College-ERP\\dataconnect": could not find dataconnect.yaml in `c:\Code\College-ERP\dataconnect`
 {"metadata":{"emulator":{"name":"dataconnect"},"message":"E0228 22:55:38.399977    6968 watch.go:40] Failed to load config from \"c:\\\\Code\\\\College-ERP\\\\dataconnect\": could not find dataconnect.yaml in `c:\\Code\\College-ERP\\dataconnect`\n"}}
[debug] [2026-02-28T17:25:48.400Z] E0228 22:55:48.400079    6968 watch.go:40] Failed to load config from "c:\\Code\\College-ERP\\dataconnect": could not find dataconnect.yaml in `c:\Code\College-ERP\dataconnect`
 {"metadata":{"emulator":{"name":"dataconnect"},"message":"E0228 22:55:48.400079    6968 watch.go:40] Failed to load config from \"c:\\\\Code\\\\College-ERP\\\\dataconnect\": could not find dataconnect.yaml in `c:\\Code\\College-ERP\\dataconnect`\n"}}
[debug] [2026-02-28T17:25:58.399Z] E0228 22:55:58.399752    6968 watch.go:116] watchAllDir unable to walk dir `c:\Code\College-ERP\dataconnect`: CreateFile c:\Code\College-ERP\dataconnect: The system cannot find the file specified.
 {"metadata":{"emulator":{"name":"dataconnect"},"message":"E0228 22:55:58.399752    6968 watch.go:116] watchAllDir unable to walk dir `c:\\Code\\College-ERP\\dataconnect`: CreateFile c:\\Code\\College-ERP\\dataconnect: The system cannot find the file specified.\n"}}
[debug] [2026-02-28T17:25:58.400Z] E0228 22:55:58.399752    6968 watch.go:40] Failed to load config from "c:\\Code\\College-ERP\\dataconnect": could not find dataconnect.yaml in `c:\Code\College-ERP\dataconnect`
 {"metadata":{"emulator":{"name":"dataconnect"},"message":"E0228 22:55:58.399752    6968 watch.go:40] Failed to load config from \"c:\\\\Code\\\\College-ERP\\\\dataconnect\": could not find dataconnect.yaml in `c:\\Code\\College-ERP\\dataconnect`\n"}}
[debug] [2026-02-28T17:26:08.399Z] E0228 22:56:08.399692    6968 watch.go:40] Failed to load config from "c:\\Code\\College-ERP\\dataconnect": could not find dataconnect.yaml in `c:\Code\College-ERP\dataconnect`
 {"metadata":{"emulator":{"name":"dataconnect"},"message":"E0228 22:56:08.399692    6968 watch.go:40] Failed to load config from \"c:\\\\Code\\\\College-ERP\\\\dataconnect\": could not find dataconnect.yaml in `c:\\Code\\College-ERP\\dataconnect`\n"}}
[debug] [2026-02-28T17:26:18.399Z] E0228 22:56:18.399689    6968 watch.go:40] Failed to load config from "c:\\Code\\College-ERP\\dataconnect": could not find dataconnect.yaml in `c:\Code\College-ERP\dataconnect`
 {"metadata":{"emulator":{"name":"dataconnect"},"message":"E0228 22:56:18.399689    6968 watch.go:40] Failed to load config from \"c:\\\\Code\\\\College-ERP\\\\dataconnect\": could not find dataconnect.yaml in `c:\\Code\\College-ERP\\dataconnect`\n"}}
[debug] [2026-02-28T17:26:28.400Z] E0228 22:56:28.399937    6968 watch.go:40] Failed to load config from "c:\\Code\\College-ERP\\dataconnect": could not find dataconnect.yaml in `c:\Code\College-ERP\dataconnect`
 {"metadata":{"emulator":{"name":"dataconnect"},"message":"E0228 22:56:28.399937    6968 watch.go:40] Failed to load config from \"c:\\\\Code\\\\College-ERP\\\\dataconnect\": could not find dataconnect.yaml in `c:\\Code\\College-ERP\\dataconnect`\n"}}
[debug] [2026-02-28T17:26:38.399Z] E0228 22:56:38.399618    6968 watch.go:40] Failed to load config from "c:\\Code\\College-ERP\\dataconnect": could not find dataconnect.yaml in `c:\Code\College-ERP\dataconnect`
 {"metadata":{"emulator":{"name":"dataconnect"},"message":"E0228 22:56:38.399618    6968 watch.go:40] Failed to load config from \"c:\\\\Code\\\\College-ERP\\\\dataconnect\": could not find dataconnect.yaml in `c:\\Code\\College-ERP\\dataconnect`\n"}}
[debug] [2026-02-28T17:26:48.400Z] E0228 22:56:48.399949    6968 watch.go:40] Failed to load config from "c:\\Code\\College-ERP\\dataconnect": could not find dataconnect.yaml in `c:\Code\College-ERP\dataconnect`
 {"metadata":{"emulator":{"name":"dataconnect"},"message":"E0228 22:56:48.399949    6968 watch.go:40] Failed to load config from \"c:\\\\Code\\\\College-ERP\\\\dataconnect\": could not find dataconnect.yaml in `c:\\Code\\College-ERP\\dataconnect`\n"}}
[debug] [2026-02-28T17:26:58.399Z] E0228 22:56:58.399596    6968 watch.go:116] watchAllDir unable to walk dir `c:\Code\College-ERP\dataconnect`: CreateFile c:\Code\College-ERP\dataconnect: The system cannot find the file specified.
E0228 22:56:58.399596    6968 watch.go:40] Failed to load config from "c:\\Code\\College-ERP\\dataconnect": could not find dataconnect.yaml in `c:\Code\College-ERP\dataconnect`
 {"metadata":{"emulator":{"name":"dataconnect"},"message":"E0228 22:56:58.399596    6968 watch.go:116] watchAllDir unable to walk dir `c:\\Code\\College-ERP\\dataconnect`: CreateFile c:\\Code\\College-ERP\\dataconnect: The system cannot find the file specified.\nE0228 22:56:58.399596    6968 watch.go:40] Failed to load config from \"c:\\\\Code\\\\College-ERP\\\\dataconnect\": could not find dataconnect.yaml in `c:\\Code\\College-ERP\\dataconnect`\n"}}
[debug] [2026-02-28T17:27:08.399Z] E0228 22:57:08.399587    6968 watch.go:40] Failed to load config from "c:\\Code\\College-ERP\\dataconnect": could not find dataconnect.yaml in `c:\Code\College-ERP\dataconnect`
 {"metadata":{"emulator":{"name":"dataconnect"},"message":"E0228 22:57:08.399587    6968 watch.go:40] Failed to load config from \"c:\\\\Code\\\\College-ERP\\\\dataconnect\": could not find dataconnect.yaml in `c:\\Code\\College-ERP\\dataconnect`\n"}}
[debug] [2026-02-28T17:27:18.399Z] E0228 22:57:18.399605    6968 watch.go:40] Failed to load config from "c:\\Code\\College-ERP\\dataconnect": could not find dataconnect.yaml in `c:\Code\College-ERP\dataconnect`
 {"metadata":{"emulator":{"name":"dataconnect"},"message":"E0228 22:57:18.399605    6968 watch.go:40] Failed to load config from \"c:\\\\Code\\\\College-ERP\\\\dataconnect\": could not find dataconnect.yaml in `c:\\Code\\College-ERP\\dataconnect`\n"}}
[debug] [2026-02-28T17:27:28.399Z] E0228 22:57:28.399648    6968 watch.go:40] Failed to load config from "c:\\Code\\College-ERP\\dataconnect": could not find dataconnect.yaml in `c:\Code\College-ERP\dataconnect`
 {"metadata":{"emulator":{"name":"dataconnect"},"message":"E0228 22:57:28.399648    6968 watch.go:40] Failed to load config from \"c:\\\\Code\\\\College-ERP\\\\dataconnect\": could not find dataconnect.yaml in `c:\\Code\\College-ERP\\dataconnect`\n"}}
[debug] [2026-02-28T17:27:38.399Z] E0228 22:57:38.399528    6968 watch.go:40] Failed to load config from "c:\\Code\\College-ERP\\dataconnect": could not find dataconnect.yaml in `c:\Code\College-ERP\dataconnect`
 {"metadata":{"emulator":{"name":"dataconnect"},"message":"E0228 22:57:38.399528    6968 watch.go:40] Failed to load config from \"c:\\\\Code\\\\College-ERP\\\\dataconnect\": could not find dataconnect.yaml in `c:\\Code\\College-ERP\\dataconnect`\n"}}
[debug] [2026-02-28T17:27:48.399Z] E0228 22:57:48.399585    6968 watch.go:40] Failed to load config from "c:\\Code\\College-ERP\\dataconnect": could not find dataconnect.yaml in `c:\Code\College-ERP\dataconnect`
 {"metadata":{"emulator":{"name":"dataconnect"},"message":"E0228 22:57:48.399585    6968 watch.go:40] Failed to load config from \"c:\\\\Code\\\\College-ERP\\\\dataconnect\": could not find dataconnect.yaml in `c:\\Code\\College-ERP\\dataconnect`\n"}}
[debug] [2026-02-28T17:27:58.400Z] E0228 22:57:58.399989    6968 watch.go:116] watchAllDir unable to walk dir `c:\Code\College-ERP\dataconnect`: CreateFile c:\Code\College-ERP\dataconnect: The system cannot find the file specified.
 {"metadata":{"emulator":{"name":"dataconnect"},"message":"E0228 22:57:58.399989    6968 watch.go:116] watchAllDir unable to walk dir `c:\\Code\\College-ERP\\dataconnect`: CreateFile c:\\Code\\College-ERP\\dataconnect: The system cannot find the file specified.\n"}}
[debug] [2026-02-28T17:27:58.400Z] E0228 22:57:58.399989    6968 watch.go:40] Failed to load config from "c:\\Code\\College-ERP\\dataconnect": could not find dataconnect.yaml in `c:\Code\College-ERP\dataconnect`
 {"metadata":{"emulator":{"name":"dataconnect"},"message":"E0228 22:57:58.399989    6968 watch.go:40] Failed to load config from \"c:\\\\Code\\\\College-ERP\\\\dataconnect\": could not find dataconnect.yaml in `c:\\Code\\College-ERP\\dataconnect`\n"}}
[debug] [2026-02-28T17:28:08.400Z] E0228 22:58:08.400088    6968 watch.go:40] Failed to load config from "c:\\Code\\College-ERP\\dataconnect": could not find dataconnect.yaml in `c:\Code\College-ERP\dataconnect`
 {"metadata":{"emulator":{"name":"dataconnect"},"message":"E0228 22:58:08.400088    6968 watch.go:40] Failed to load config from \"c:\\\\Code\\\\College-ERP\\\\dataconnect\": could not find dataconnect.yaml in `c:\\Code\\College-ERP\\dataconnect`\n"}}
[debug] [2026-02-28T17:28:18.400Z] E0228 22:58:18.399811    6968 watch.go:40] Failed to load config from "c:\\Code\\College-ERP\\dataconnect": could not find dataconnect.yaml in `c:\Code\College-ERP\dataconnect`
 {"metadata":{"emulator":{"name":"dataconnect"},"message":"E0228 22:58:18.399811    6968 watch.go:40] Failed to load config from \"c:\\\\Code\\\\College-ERP\\\\dataconnect\": could not find dataconnect.yaml in `c:\\Code\\College-ERP\\dataconnect`\n"}}
[debug] [2026-02-28T17:28:28.400Z] E0228 22:58:28.399769    6968 watch.go:40] Failed to load config from "c:\\Code\\College-ERP\\dataconnect": could not find dataconnect.yaml in `c:\Code\College-ERP\dataconnect`
 {"metadata":{"emulator":{"name":"dataconnect"},"message":"E0228 22:58:28.399769    6968 watch.go:40] Failed to load config from \"c:\\\\Code\\\\College-ERP\\\\dataconnect\": could not find dataconnect.yaml in `c:\\Code\\College-ERP\\dataconnect`\n"}}
[debug] [2026-02-28T17:28:38.399Z] E0228 22:58:38.399519    6968 watch.go:40] Failed to load config from "c:\\Code\\College-ERP\\dataconnect": could not find dataconnect.yaml in `c:\Code\College-ERP\dataconnect`
 {"metadata":{"emulator":{"name":"dataconnect"},"message":"E0228 22:58:38.399519    6968 watch.go:40] Failed to load config from \"c:\\\\Code\\\\College-ERP\\\\dataconnect\": could not find dataconnect.yaml in `c:\\Code\\College-ERP\\dataconnect`\n"}}
[info] [Firebase Plugin] Stopping Data Connect toolkit
[warn] !  Data Connect Emulator has exited upon receiving signal: SIGINT 
[debug] [2026-03-01T02:25:06.357Z] [Firebase Plugin] Activating Firebase extension.
[info] [Firebase Plugin] Checked firebase-tools, is up to date!
[debug] [2026-03-01T02:25:25.663Z] [Firebase Plugin] requireAuthWrapper
[debug] [2026-03-01T02:25:25.665Z] > command requires scopes: ["email","openid","https://www.googleapis.com/auth/cloudplatformprojects.readonly","https://www.googleapis.com/auth/firebase","https://www.googleapis.com/auth/cloud-platform"]
[debug] [2026-03-01T02:25:25.665Z] > authorizing via signed-in user (pranavarun19@gmail.com)
[debug] [2026-03-01T02:25:25.668Z] Checked if tokens are valid: false, expires at: 1772302742077
[debug] [2026-03-01T02:25:25.669Z] Checked if tokens are valid: false, expires at: 1772302742077
[debug] [2026-03-01T02:25:25.669Z] > refreshing access token with scopes: []
[debug] [2026-03-01T02:25:25.671Z] >>> [apiv2][query] POST https://www.googleapis.com/oauth2/v3/token [none]
[debug] [2026-03-01T02:25:25.671Z] >>> [apiv2][body] POST https://www.googleapis.com/oauth2/v3/token [omitted]
[debug] [2026-03-01T02:25:25.684Z] [Firebase Plugin] VSCode notification server listening on port 40001
[info] [Firebase Plugin] Starting Data Connect toolkit (version 3.1.4) on port 50001
[debug] [2026-03-01T02:25:26.243Z] 'fdc build' failed with error: Unable to build your Data Connect schema and connectors (exit code 1): E0301 07:55:26.239686   20236 cmd.go:43] Error loading data connect config: could not find dataconnect.yaml in `c:\Code\College-ERP\dataconnect`
 {"metadata":{"emulator":{"name":"dataconnect"},"message":"'fdc build' failed with error: Unable to build your Data Connect schema and connectors (exit code 1): E0301 07:55:26.239686   20236 cmd.go:43] Error loading data connect config: could not find dataconnect.yaml in `c:\\Code\\College-ERP\\dataconnect`\n"}}
[debug] [2026-03-01T02:25:26.244Z] Ignoring unsupported arg: auto_download {"metadata":{"emulator":{"name":"dataconnect"},"message":"Ignoring unsupported arg: auto_download"}}
[debug] [2026-03-01T02:25:26.244Z] Ignoring unsupported arg: port {"metadata":{"emulator":{"name":"dataconnect"},"message":"Ignoring unsupported arg: port"}}
[debug] [2026-03-01T02:25:26.245Z] Starting Data Connect Emulator with command {"binary":"C:\\Users\\Levono\\.cache\\firebase\\emulators\\dataconnect-emulator-3.1.4.exe","args":["--logtostderr","-v=2","dev","--listen=localhost:50001","--config_dir=c:\\Code\\College-ERP\\dataconnect","--enable_output_schema_extensions=true","--enable_output_generated_sdk=true"],"optionalArgs":["listen","config_dir","enable_output_schema_extensions","enable_output_generated_sdk"],"joinArgs":true,"shell":false,"port":9399} {"metadata":{"emulator":{"name":"dataconnect"},"message":"Starting Data Connect Emulator with command {\"binary\":\"C:\\\\Users\\\\Levono\\\\.cache\\\\firebase\\\\emulators\\\\dataconnect-emulator-3.1.4.exe\",\"args\":[\"--logtostderr\",\"-v=2\",\"dev\",\"--listen=localhost:50001\",\"--config_dir=c:\\\\Code\\\\College-ERP\\\\dataconnect\",\"--enable_output_schema_extensions=true\",\"--enable_output_generated_sdk=true\"],\"optionalArgs\":[\"listen\",\"config_dir\",\"enable_output_schema_extensions\",\"enable_output_generated_sdk\"],\"joinArgs\":true,\"shell\":false,\"port\":9399}"}}
[info] i  dataconnect: Data Connect Emulator logging to dataconnect-debug.log {"metadata":{"emulator":{"name":"dataconnect"},"message":"Data Connect Emulator logging to \u001b[1mdataconnect-debug.log\u001b[22m"}}
[debug] [2026-03-01T02:25:26.273Z] E0301 07:55:26.272432   21228 dev.go:83] Failed to load initial config from "c:\\Code\\College-ERP\\dataconnect": could not find dataconnect.yaml in `c:\Code\College-ERP\dataconnect`
 {"metadata":{"emulator":{"name":"dataconnect"},"message":"E0301 07:55:26.272432   21228 dev.go:83] Failed to load initial config from \"c:\\\\Code\\\\College-ERP\\\\dataconnect\": could not find dataconnect.yaml in `c:\\Code\\College-ERP\\dataconnect`\n"}}
[debug] [2026-03-01T02:25:26.274Z] E0301 07:55:26.272971   21228 watch.go:116] watchAllDir unable to walk dir `c:\Code\College-ERP\dataconnect`: CreateFile c:\Code\College-ERP\dataconnect: The system cannot find the file specified.
 {"metadata":{"emulator":{"name":"dataconnect"},"message":"E0301 07:55:26.272971   21228 watch.go:116] watchAllDir unable to walk dir `c:\\Code\\College-ERP\\dataconnect`: CreateFile c:\\Code\\College-ERP\\dataconnect: The system cannot find the file specified.\n"}}
[debug] [2026-03-01T02:25:26.285Z] I0301 07:55:26.284725   21228 dev.go:104] Listening on address (HTTP + gRPC): 127.0.0.1:50001
 {"metadata":{"emulator":{"name":"dataconnect"},"message":"I0301 07:55:26.284725   21228 dev.go:104] Listening on address (HTTP + gRPC): 127.0.0.1:50001\n"}}
[error] [Firebase Plugin] error:  {}
[debug] [2026-03-01T02:25:26.614Z] <<< [apiv2][status] POST https://www.googleapis.com/oauth2/v3/token 200
[debug] [2026-03-01T02:25:26.615Z] <<< [apiv2][body] POST https://www.googleapis.com/oauth2/v3/token [omitted]
[debug] [2026-03-01T02:25:26.630Z] [Firebase Plugin] User found:  pranavarun19@gmail.com
[info] [Firebase Plugin] (Core:Project) New user detected, fetching projects
[debug] [2026-03-01T02:25:26.632Z] Checked if tokens are valid: true, expires at: 1772335525615
[debug] [2026-03-01T02:25:26.632Z] >>> [apiv2][query] GET https://firebase.googleapis.com/v1beta1/projects pageSize=1000
[debug] [2026-03-01T02:25:27.839Z] <<< [apiv2][status] GET https://firebase.googleapis.com/v1beta1/projects 200
[debug] [2026-03-01T02:25:27.839Z] <<< [apiv2][body] GET https://firebase.googleapis.com/v1beta1/projects [omitted]
[debug] [2026-03-01T02:25:36.274Z] E0301 07:55:36.273702   21228 watch.go:40] Failed to load config from "c:\\Code\\College-ERP\\dataconnect": could not find dataconnect.yaml in `c:\Code\College-ERP\dataconnect`
 {"metadata":{"emulator":{"name":"dataconnect"},"message":"E0301 07:55:36.273702   21228 watch.go:40] Failed to load config from \"c:\\\\Code\\\\College-ERP\\\\dataconnect\": could not find dataconnect.yaml in `c:\\Code\\College-ERP\\dataconnect`\n"}}
[debug] [2026-03-01T02:25:46.273Z] E0301 07:55:46.273859   21228 watch.go:40] Failed to load config from "c:\\Code\\College-ERP\\dataconnect": could not find dataconnect.yaml in `c:\Code\College-ERP\dataconnect`
 {"metadata":{"emulator":{"name":"dataconnect"},"message":"E0301 07:55:46.273859   21228 watch.go:40] Failed to load config from \"c:\\\\Code\\\\College-ERP\\\\dataconnect\": could not find dataconnect.yaml in `c:\\Code\\College-ERP\\dataconnect`\n"}}
[debug] [2026-03-01T02:25:56.273Z] E0301 07:55:56.273683   21228 watch.go:40] Failed to load config from "c:\\Code\\College-ERP\\dataconnect": could not find dataconnect.yaml in `c:\Code\College-ERP\dataconnect`
 {"metadata":{"emulator":{"name":"dataconnect"},"message":"E0301 07:55:56.273683   21228 watch.go:40] Failed to load config from \"c:\\\\Code\\\\College-ERP\\\\dataconnect\": could not find dataconnect.yaml in `c:\\Code\\College-ERP\\dataconnect`\n"}}
[info] [Firebase Plugin] Stopping Data Connect toolkit
[warn] !  Data Connect Emulator has exited upon receiving signal: SIGINT 
[debug] [2026-03-01T02:26:24.739Z] [Firebase Plugin] Activating Firebase extension.
[info] [Firebase Plugin] Checked firebase-tools, is up to date!
[debug] [2026-03-01T02:26:26.841Z] [Firebase Plugin] requireAuthWrapper
[debug] [2026-03-01T02:26:26.843Z] > command requires scopes: ["email","openid","https://www.googleapis.com/auth/cloudplatformprojects.readonly","https://www.googleapis.com/auth/firebase","https://www.googleapis.com/auth/cloud-platform"]
[debug] [2026-03-01T02:26:26.843Z] > authorizing via signed-in user (pranavarun19@gmail.com)
[debug] [2026-03-01T02:26:26.845Z] Checked if tokens are valid: true, expires at: 1772335525615
[debug] [2026-03-01T02:26:26.845Z] Checked if tokens are valid: true, expires at: 1772335525615
[debug] [2026-03-01T02:26:26.845Z] [Firebase Plugin] User found:  pranavarun19@gmail.com
[info] [Firebase Plugin] (Core:Project) New user detected, fetching projects
[debug] [2026-03-01T02:26:26.846Z] Checked if tokens are valid: true, expires at: 1772335525615
[debug] [2026-03-01T02:26:26.847Z] >>> [apiv2][query] GET https://firebase.googleapis.com/v1beta1/projects pageSize=1000
[debug] [2026-03-01T02:26:26.854Z] [Firebase Plugin] VSCode notification server listening on port 40001
[info] [Firebase Plugin] Starting Data Connect toolkit (version 3.1.4) on port 50001
[debug] [2026-03-01T02:26:27.082Z] 'fdc build' failed with error: Unable to build your Data Connect schema and connectors (exit code 1): E0301 07:56:27.079249   19908 cmd.go:43] Error loading data connect config: could not find dataconnect.yaml in `c:\Code\College-ERP\dataconnect`
 {"metadata":{"emulator":{"name":"dataconnect"},"message":"'fdc build' failed with error: Unable to build your Data Connect schema and connectors (exit code 1): E0301 07:56:27.079249   19908 cmd.go:43] Error loading data connect config: could not find dataconnect.yaml in `c:\\Code\\College-ERP\\dataconnect`\n"}}
[debug] [2026-03-01T02:26:27.083Z] Ignoring unsupported arg: auto_download {"metadata":{"emulator":{"name":"dataconnect"},"message":"Ignoring unsupported arg: auto_download"}}
[debug] [2026-03-01T02:26:27.083Z] Ignoring unsupported arg: port {"metadata":{"emulator":{"name":"dataconnect"},"message":"Ignoring unsupported arg: port"}}
[debug] [2026-03-01T02:26:27.083Z] Starting Data Connect Emulator with command {"binary":"C:\\Users\\Levono\\.cache\\firebase\\emulators\\dataconnect-emulator-3.1.4.exe","args":["--logtostderr","-v=2","dev","--listen=localhost:50001","--config_dir=c:\\Code\\College-ERP\\dataconnect","--enable_output_schema_extensions=true","--enable_output_generated_sdk=true"],"optionalArgs":["listen","config_dir","enable_output_schema_extensions","enable_output_generated_sdk"],"joinArgs":true,"shell":false,"port":9399} {"metadata":{"emulator":{"name":"dataconnect"},"message":"Starting Data Connect Emulator with command {\"binary\":\"C:\\\\Users\\\\Levono\\\\.cache\\\\firebase\\\\emulators\\\\dataconnect-emulator-3.1.4.exe\",\"args\":[\"--logtostderr\",\"-v=2\",\"dev\",\"--listen=localhost:50001\",\"--config_dir=c:\\\\Code\\\\College-ERP\\\\dataconnect\",\"--enable_output_schema_extensions=true\",\"--enable_output_generated_sdk=true\"],\"optionalArgs\":[\"listen\",\"config_dir\",\"enable_output_schema_extensions\",\"enable_output_generated_sdk\"],\"joinArgs\":true,\"shell\":false,\"port\":9399}"}}
[info] i  dataconnect: Data Connect Emulator logging to dataconnect-debug.log {"metadata":{"emulator":{"name":"dataconnect"},"message":"Data Connect Emulator logging to \u001b[1mdataconnect-debug.log\u001b[22m"}}
[debug] [2026-03-01T02:26:27.108Z] E0301 07:56:27.107591   18916 dev.go:83] Failed to load initial config from "c:\\Code\\College-ERP\\dataconnect": could not find dataconnect.yaml in `c:\Code\College-ERP\dataconnect`
E0301 07:56:27.108631   18916 watch.go:116] watchAllDir unable to walk dir `c:\Code\College-ERP\dataconnect`: CreateFile c:\Code\College-ERP\dataconnect: The system cannot find the file specified.
 {"metadata":{"emulator":{"name":"dataconnect"},"message":"E0301 07:56:27.107591   18916 dev.go:83] Failed to load initial config from \"c:\\\\Code\\\\College-ERP\\\\dataconnect\": could not find dataconnect.yaml in `c:\\Code\\College-ERP\\dataconnect`\nE0301 07:56:27.108631   18916 watch.go:116] watchAllDir unable to walk dir `c:\\Code\\College-ERP\\dataconnect`: CreateFile c:\\Code\\College-ERP\\dataconnect: The system cannot find the file specified.\n"}}
[debug] [2026-03-01T02:26:27.126Z] I0301 07:56:27.116975   18916 dev.go:104] Listening on address (HTTP + gRPC): 127.0.0.1:50001
 {"metadata":{"emulator":{"name":"dataconnect"},"message":"I0301 07:56:27.116975   18916 dev.go:104] Listening on address (HTTP + gRPC): 127.0.0.1:50001\n"}}
[error] [Firebase Plugin] error:  {}
[debug] [2026-03-01T02:26:28.033Z] <<< [apiv2][status] GET https://firebase.googleapis.com/v1beta1/projects 200
[debug] [2026-03-01T02:26:28.034Z] <<< [apiv2][body] GET https://firebase.googleapis.com/v1beta1/projects [omitted]
[info] [Firebase Plugin] Stopping Data Connect toolkit
[warn] !  Data Connect Emulator has exited upon receiving signal: SIGINT 
